c:\users\astralshift\desktop\assortrock\ar11api\gameframework\client\include\debug\vc141.pdb
c:\users\astralshift\desktop\assortrock\ar11api\gameframework\client\include\debug\vc141.idb
c:\users\astralshift\desktop\assortrock\ar11api\gameframework\client\include\debug\pathmanager.obj
c:\users\astralshift\desktop\assortrock\ar11api\gameframework\client\include\debug\timer.obj
c:\users\astralshift\desktop\assortrock\ar11api\gameframework\client\include\debug\timermanager.obj
c:\users\astralshift\desktop\assortrock\ar11api\gameframework\client\include\debug\main.obj
c:\users\astralshift\desktop\assortrock\ar11api\gameframework\client\include\debug\background.obj
c:\users\astralshift\desktop\assortrock\ar11api\gameframework\client\include\debug\bullet.obj
c:\users\astralshift\desktop\assortrock\ar11api\gameframework\client\include\debug\character.obj
c:\users\astralshift\desktop\assortrock\ar11api\gameframework\client\include\debug\dynamic.obj
c:\users\astralshift\desktop\assortrock\ar11api\gameframework\client\include\debug\effect.obj
c:\users\astralshift\desktop\assortrock\ar11api\gameframework\client\include\debug\monster.obj
c:\users\astralshift\desktop\assortrock\ar11api\gameframework\client\include\debug\obj.obj
c:\users\astralshift\desktop\assortrock\ar11api\gameframework\client\include\debug\objectmanager.obj
c:\users\astralshift\desktop\assortrock\ar11api\gameframework\client\include\debug\player.obj
c:\users\astralshift\desktop\assortrock\ar11api\gameframework\client\include\debug\resourcesmanager.obj
c:\users\astralshift\desktop\assortrock\ar11api\gameframework\client\include\debug\texture.obj
c:\users\astralshift\desktop\assortrock\ar11api\gameframework\client\include\debug\layer.obj
c:\users\astralshift\desktop\assortrock\ar11api\gameframework\client\include\debug\mainscene.obj
c:\users\astralshift\desktop\assortrock\ar11api\gameframework\client\include\debug\scene.obj
c:\users\astralshift\desktop\assortrock\ar11api\gameframework\client\include\debug\scenemanager.obj
c:\users\astralshift\desktop\assortrock\ar11api\gameframework\client\include\debug\scenescript.obj
c:\users\astralshift\desktop\assortrock\ar11api\gameframework\client\include\debug\animation.obj
c:\users\astralshift\desktop\assortrock\ar11api\gameframework\client\include\debug\base.obj
c:\users\astralshift\desktop\assortrock\ar11api\gameframework\client\include\debug\collider.obj
c:\users\astralshift\desktop\assortrock\ar11api\gameframework\client\include\debug\colliderrect.obj
c:\users\astralshift\desktop\assortrock\ar11api\gameframework\client\include\debug\collidersphere.obj
c:\users\astralshift\desktop\assortrock\ar11api\gameframework\client\include\debug\collisionmanager.obj
c:\users\astralshift\desktop\assortrock\ar11api\gameframework\client\include\debug\core.obj
c:\users\astralshift\desktop\assortrock\ar11api\gameframework\client\include\debug\camera.obj
c:\users\astralshift\desktop\assortrock\ar11api\gameframework\client\include\debug\input.obj
c:\users\astralshift\desktop\assortrock\ar11api\gameframework\client\include\debug\math.obj
c:\users\astralshift\desktop\assortrock\ar11api\gameframework\client\include\debug\colliderpixel.obj
c:\users\astralshift\desktop\assortrock\ar11api\gameframework\client\include\debug\colliderpoint.obj
c:\users\astralshift\desktop\assortrock\ar11api\gameframework\client\include\debug\mouse.obj
c:\users\astralshift\desktop\assortrock\ar11api\gameframework\client\include\debug\uibutton.obj
c:\users\astralshift\desktop\assortrock\ar11api\gameframework\client\bin\client_debug.ilk
c:\users\astralshift\desktop\assortrock\ar11api\gameframework\client\bin\client_debug.exe
c:\users\astralshift\desktop\assortrock\ar11api\gameframework\client\bin\client_debug.pdb
c:\users\astralshift\desktop\assortrock\ar11api\gameframework\client\include\debug\client.res
c:\users\astralshift\desktop\assortrock\ar11api\gameframework\client\include\debug\vc140.idb
c:\users\astralshift\desktop\assortrock\ar11api\gameframework\client\include\debug\vc140.pdb
c:\users\astralshift\desktop\assortrock\ar11api\gameframework\client\include\../bin\client_debug.exe
c:\users\astralshift\desktop\assortrock\ar11api\gameframework\client\include\debug\client.tlog\cl.command.1.tlog
c:\users\astralshift\desktop\assortrock\ar11api\gameframework\client\include\debug\client.tlog\cl.read.1.tlog
c:\users\astralshift\desktop\assortrock\ar11api\gameframework\client\include\debug\client.tlog\cl.write.1.tlog
c:\users\astralshift\desktop\assortrock\ar11api\gameframework\client\include\debug\client.tlog\link.command.1.tlog
c:\users\astralshift\desktop\assortrock\ar11api\gameframework\client\include\debug\client.tlog\link.delete.1.tlog
c:\users\astralshift\desktop\assortrock\ar11api\gameframework\client\include\debug\client.tlog\link.read.1.tlog
c:\users\astralshift\desktop\assortrock\ar11api\gameframework\client\include\debug\client.tlog\link.write.1.tlog
c:\users\astralshift\desktop\assortrock\ar11api\gameframework\client\include\debug\client.tlog\rc.command.1.tlog
c:\users\astralshift\desktop\assortrock\ar11api\gameframework\client\include\debug\client.tlog\rc.read.1.tlog
c:\users\astralshift\desktop\assortrock\ar11api\gameframework\client\include\debug\client.tlog\rc.write.1.tlog
